<?xml version="1.0" encoding="UTF-8"?>
<testsuite xmlns:xsi="http://www.w3.org/2001/XMLSchema-instance" xsi:noNamespaceSchemaLocation="https://maven.apache.org/surefire/maven-surefire-plugin/xsd/surefire-test-report.xsd" version="3.0.2" name="com.steven.assets.service.ExcelImportServiceTest" time="0.13" tests="10" errors="0" skipped="0" failures="0">
  <properties>
[...]
</properties>
  <testcase name="isUsStock_null為false" classname="com.steven.assets.service.ExcelImportServiceTest" time="0.12"/>
  <testcase name="resolveDepositType_定存" classname="com.steven.assets.service.ExcelImportServiceTest" time="0.002"/>
  <testcase name="resolveDepositType_信用卡" classname="com.steven.assets.service.ExcelImportServiceTest" time="0.0"/>
  <testcase name="resolveDepositType_證券戶" classname="com.steven.assets.service.ExcelImportServiceTest" time="0.0"/>
  <testcase name="resolveDepositType_美元定存" classname="com.steven.assets.service.ExcelImportServiceTest" time="0.001"/>
  <testcase name="resolveDepositType_美元活存" classname="com.steven.assets.service.ExcelImportServiceTest" time="0.001"/>
  <testcase name="resolveDepositType_其他預設活存" classname="com.steven.assets.service.ExcelImportServiceTest" time="0.001"/>
  <testcase name="isUsStock_數字開頭為台股" classname="com.steven.assets.service.ExcelImportServiceTest" time="0.001"/>
  <testcase name="resolveDepositType_null回傳null" classname="com.steven.assets.service.ExcelImportServiceTest" time="0.001"/>
  <testcase name="isUsStock_大寫英文為美股" classname="com.steven.assets.service.ExcelImportServiceTest" time="0.001"/>
</testsuite>